<?xml version="1.0" encoding="UTF-8"?>
<robot generator="Robot 3.2.2 (Python 3.9.1 on win32)" generated="20201214 14:35:18.925" rpa="false">
<suite id="s1" name="TestSuite1" source="C:\Users\woal\Documents\eclipse-workspace\RobotProject1\test\TestSuite1.robot">
<kw name="Log" library="BuiltIn" type="setup">
<doc>Logs the given message with the given level.</doc>
<arguments>
<arg>I am inside Test Suite Setup</arg>
</arguments>
<msg timestamp="20201214 14:35:19.160" level="INFO">I am inside Test Suite Setup</msg>
<status status="PASS" starttime="20201214 14:35:19.160" endtime="20201214 14:35:19.160"></status>
</kw>
<test id="s1-t1" name="MyFirstTest">
<kw name="Log" library="BuiltIn" type="setup">
<doc>Logs the given message with the given level.</doc>
<arguments>
<arg>I am inside Test Setup</arg>
</arguments>
<msg timestamp="20201214 14:35:19.161" level="INFO">I am inside Test Setup</msg>
<status status="PASS" starttime="20201214 14:35:19.161" endtime="20201214 14:35:19.161"></status>
</kw>
<kw name="Log" library="BuiltIn">
<doc>Logs the given message with the given level.</doc>
<arguments>
<arg>Hello World...</arg>
</arguments>
<msg timestamp="20201214 14:35:19.161" level="INFO">Hello World...</msg>
<status status="PASS" starttime="20201214 14:35:19.161" endtime="20201214 14:35:19.161"></status>
</kw>
<kw name="Log" library="BuiltIn" type="teardown">
<doc>Logs the given message with the given level.</doc>
<arguments>
<arg>I am inside Test Teardown</arg>
</arguments>
<msg timestamp="20201214 14:35:19.162" level="INFO">I am inside Test Teardown</msg>
<status status="PASS" starttime="20201214 14:35:19.162" endtime="20201214 14:35:19.162"></status>
</kw>
<tags>
<tag>smoke</tag>
</tags>
<status status="PASS" starttime="20201214 14:35:19.160" endtime="20201214 14:35:19.162" critical="yes"></status>
</test>
<test id="s1-t2" name="MyFirstSeleniumTest">
<kw name="Log" library="BuiltIn" type="setup">
<doc>Logs the given message with the given level.</doc>
<arguments>
<arg>I am inside Test Setup</arg>
</arguments>
<msg timestamp="20201214 14:35:19.163" level="INFO">I am inside Test Setup</msg>
<status status="PASS" starttime="20201214 14:35:19.163" endtime="20201214 14:35:19.163"></status>
</kw>
<kw name="Set Tags" library="BuiltIn">
<doc>Adds given ``tags`` for the current test or all tests in a suite.</doc>
<arguments>
<arg>regression1</arg>
</arguments>
<msg timestamp="20201214 14:35:19.164" level="INFO">Set tag 'regression1'.</msg>
<status status="PASS" starttime="20201214 14:35:19.164" endtime="20201214 14:35:19.164"></status>
</kw>
<kw name="Remove Tags" library="BuiltIn">
<doc>Removes given ``tags`` from the current test or all tests in a suite.</doc>
<arguments>
<arg>sanity</arg>
</arguments>
<msg timestamp="20201214 14:35:19.164" level="INFO">Removed tag 'sanity'.</msg>
<status status="PASS" starttime="20201214 14:35:19.164" endtime="20201214 14:35:19.165"></status>
</kw>
<kw name="Open Browser" library="SeleniumLibrary">
<doc>Opens a new browser instance to the optional ``url``.</doc>
<arguments>
<arg>https://google.com</arg>
<arg>chrome</arg>
</arguments>
<msg timestamp="20201214 14:35:19.165" level="INFO">Opening browser 'chrome' to base url 'https://google.com'.</msg>
<status status="PASS" starttime="20201214 14:35:19.165" endtime="20201214 14:35:24.413"></status>
</kw>
<kw name="Input Text" library="SeleniumLibrary">
<doc>Types the given ``text`` into the text field identified by ``locator``.</doc>
<arguments>
<arg>name=q</arg>
<arg>Automation step by step</arg>
</arguments>
<msg timestamp="20201214 14:35:24.414" level="INFO">Typing text 'Automation step by step' into text field 'name=q'.</msg>
<status status="PASS" starttime="20201214 14:35:24.414" endtime="20201214 14:35:24.614"></status>
</kw>
<kw name="Press Keys" library="SeleniumLibrary">
<doc>Simulates the user pressing key(s) to an element or on the active browser.</doc>
<arguments>
<arg>name=q</arg>
<arg>RETURN</arg>
</arguments>
<msg timestamp="20201214 14:35:24.615" level="INFO">Sending key(s) ('RETURN',) to name=q element.</msg>
<msg timestamp="20201214 14:35:24.934" level="INFO">Pressing special key RETURN to element.</msg>
<msg timestamp="20201214 14:35:24.934" level="INFO">Releasing special key RETURN.</msg>
<status status="PASS" starttime="20201214 14:35:24.614" endtime="20201214 14:35:24.962"></status>
</kw>
<kw name="Sleep" library="BuiltIn">
<doc>Pauses the test executed for the given time.</doc>
<arguments>
<arg>2s</arg>
</arguments>
<msg timestamp="20201214 14:35:26.970" level="INFO">Slept 2 seconds</msg>
<status status="PASS" starttime="20201214 14:35:24.963" endtime="20201214 14:35:26.972"></status>
</kw>
<kw name="Close Browser" library="SeleniumLibrary">
<doc>Closes the current browser.</doc>
<status status="PASS" starttime="20201214 14:35:26.973" endtime="20201214 14:35:29.310"></status>
</kw>
<kw name="Log" library="BuiltIn" type="teardown">
<doc>Logs the given message with the given level.</doc>
<arguments>
<arg>I am inside Test Teardown</arg>
</arguments>
<msg timestamp="20201214 14:35:29.313" level="INFO">I am inside Test Teardown</msg>
<status status="PASS" starttime="20201214 14:35:29.312" endtime="20201214 14:35:29.313"></status>
</kw>
<tags>
<tag>regression1</tag>
</tags>
<status status="PASS" starttime="20201214 14:35:19.163" endtime="20201214 14:35:29.316" critical="yes"></status>
</test>
<test id="s1-t3" name="SampleLoginTest">
<kw name="Log" library="BuiltIn" type="setup">
<doc>Logs the given message with the given level.</doc>
<arguments>
<arg>I am inside Test Setup</arg>
</arguments>
<msg timestamp="20201214 14:35:29.328" level="INFO">I am inside Test Setup</msg>
<status status="PASS" starttime="20201214 14:35:29.327" endtime="20201214 14:35:29.328"></status>
</kw>
<kw name="Open Browser" library="SeleniumLibrary">
<doc>Opens a new browser instance to the optional ``url``.</doc>
<arguments>
<arg>${URL}</arg>
<arg>chrome</arg>
</arguments>
<msg timestamp="20201214 14:35:29.331" level="INFO">Opening browser 'chrome' to base url 'https://opensource-demo.orangehrmlive.com/'.</msg>
<status status="PASS" starttime="20201214 14:35:29.330" endtime="20201214 14:35:36.075"></status>
</kw>
<kw name="Set Browser Implicit Wait" library="SeleniumLibrary">
<doc>Sets the implicit wait value used by Selenium.</doc>
<arguments>
<arg>5</arg>
</arguments>
<status status="PASS" starttime="20201214 14:35:36.075" endtime="20201214 14:35:36.077"></status>
</kw>
<kw name="LoginKW">
<kw name="Input Text" library="SeleniumLibrary">
<doc>Types the given ``text`` into the text field identified by ``locator``.</doc>
<arguments>
<arg>id=txtUsername</arg>
<arg>${CREDENTIALS}[0]</arg>
</arguments>
<msg timestamp="20201214 14:35:36.078" level="INFO">Typing text 'Admin' into text field 'id=txtUsername'.</msg>
<status status="PASS" starttime="20201214 14:35:36.077" endtime="20201214 14:35:36.205"></status>
</kw>
<kw name="Input Password" library="SeleniumLibrary">
<doc>Types the given password into the text field identified by ``locator``.</doc>
<arguments>
<arg>id=txtPassword</arg>
<arg>${LOGINDATA}[password]</arg>
</arguments>
<msg timestamp="20201214 14:35:36.205" level="INFO">Typing password into text field 'id=txtPassword'.</msg>
<msg timestamp="20201214 14:35:36.257" level="INFO">Temporally setting log level to: NONE</msg>
<msg timestamp="20201214 14:35:36.324" level="INFO">Log level changed from NONE to INFO.</msg>
<status status="PASS" starttime="20201214 14:35:36.205" endtime="20201214 14:35:36.324"></status>
</kw>
<kw name="Click Button" library="SeleniumLibrary">
<doc>Clicks the button identified by ``locator``.</doc>
<arguments>
<arg>id=btnLogin</arg>
</arguments>
<msg timestamp="20201214 14:35:36.324" level="INFO">Clicking button 'id=btnLogin'.</msg>
<status status="PASS" starttime="20201214 14:35:36.324" endtime="20201214 14:35:40.116"></status>
</kw>
<status status="PASS" starttime="20201214 14:35:36.077" endtime="20201214 14:35:40.117"></status>
</kw>
<kw name="Click Element" library="SeleniumLibrary">
<doc>Click the element identified by ``locator``.</doc>
<arguments>
<arg>id=welcome</arg>
</arguments>
<msg timestamp="20201214 14:35:40.118" level="INFO">Clicking element 'id=welcome'.</msg>
<status status="PASS" starttime="20201214 14:35:40.118" endtime="20201214 14:35:40.185"></status>
</kw>
<kw name="Click Element" library="SeleniumLibrary">
<doc>Click the element identified by ``locator``.</doc>
<arguments>
<arg>link=Logout</arg>
</arguments>
<msg timestamp="20201214 14:35:40.186" level="INFO">Clicking element 'link=Logout'.</msg>
<status status="PASS" starttime="20201214 14:35:40.186" endtime="20201214 14:35:40.967"></status>
</kw>
<kw name="Close Browser" library="SeleniumLibrary">
<doc>Closes the current browser.</doc>
<status status="PASS" starttime="20201214 14:35:40.968" endtime="20201214 14:35:43.285"></status>
</kw>
<kw name="Log" library="BuiltIn">
<doc>Logs the given message with the given level.</doc>
<arguments>
<arg>Test completed</arg>
</arguments>
<msg timestamp="20201214 14:35:43.286" level="INFO">Test completed</msg>
<status status="PASS" starttime="20201214 14:35:43.286" endtime="20201214 14:35:43.286"></status>
</kw>
<kw name="Log" library="BuiltIn">
<doc>Logs the given message with the given level.</doc>
<arguments>
<arg>This test was executed by %{username} on %{os}</arg>
</arguments>
<msg timestamp="20201214 14:35:43.287" level="INFO">This test was executed by Admin on Windows_NT</msg>
<status status="PASS" starttime="20201214 14:35:43.287" endtime="20201214 14:35:43.287"></status>
</kw>
<kw name="Log" library="BuiltIn" type="teardown">
<doc>Logs the given message with the given level.</doc>
<arguments>
<arg>I am inside Test Teardown</arg>
</arguments>
<msg timestamp="20201214 14:35:43.288" level="INFO">I am inside Test Teardown</msg>
<status status="PASS" starttime="20201214 14:35:43.288" endtime="20201214 14:35:43.288"></status>
</kw>
<doc>This is a sample login test</doc>
<tags>
<tag>sanity</tag>
</tags>
<status status="PASS" starttime="20201214 14:35:29.325" endtime="20201214 14:35:43.289" critical="yes"></status>
</test>
<kw name="Log" library="BuiltIn" type="teardown">
<doc>Logs the given message with the given level.</doc>
<arguments>
<arg>I am inside Test Suite Teardown</arg>
</arguments>
<msg timestamp="20201214 14:35:43.291" level="INFO">I am inside Test Suite Teardown</msg>
<status status="PASS" starttime="20201214 14:35:43.291" endtime="20201214 14:35:43.291"></status>
</kw>
<status status="PASS" starttime="20201214 14:35:18.927" endtime="20201214 14:35:43.291"></status>
</suite>
<statistics>
<total>
<stat pass="3" fail="0">Critical Tests</stat>
<stat pass="3" fail="0">All Tests</stat>
</total>
<tag>
<stat pass="1" fail="0">regression1</stat>
<stat pass="1" fail="0">sanity</stat>
<stat pass="1" fail="0">smoke</stat>
</tag>
<suite>
<stat pass="3" fail="0" id="s1" name="TestSuite1">TestSuite1</stat>
</suite>
</statistics>
<errors>
</errors>
</robot>
